

================================================================
== Vivado HLS Report for 'newsob_Filter2D'
================================================================
* Date:           Fri Jun 29 21:45:08 2018

* Version:        2015.4 (Build 1412921 on Wed Nov 18 09:58:55 AM 2015)
* Project:        sobelfilter
* Solution:       solution1
* Product family: zynq
* Target device:  xc7z020clg484-1


================================================================
== Performance Estimates
================================================================
+ Timing (ns): 
    * Summary: 
    +--------+-------+----------+------------+
    |  Clock | Target| Estimated| Uncertainty|
    +--------+-------+----------+------------+
    |ap_clk  |   5.00|      4.36|        0.63|
    +--------+-------+----------+------------+

+ Latency (clock cycles): 
    * Summary: 
    +-----+---------+-----+---------+---------+
    |    Latency    |    Interval   | Pipeline|
    | min |   max   | min |   max   |   Type  |
    +-----+---------+-----+---------+---------+
    |  209|  1067055|  209|  1067055|   none  |
    +-----+---------+-----+---------+---------+

    + Detail: 
        * Instance: 
        N/A

        * Loop: 
        +---------------+-----+---------+-----------+-----------+-----------+-----------+----------+
        |               |    Latency    | Iteration |  Initiation Interval  |    Trip   |          |
        |   Loop Name   | min |   max   |  Latency  |  achieved |   target  |   Count   | Pipelined|
        +---------------+-----+---------+-----------+-----------+-----------+-----------+----------+
        |- Loop 1       |    0|        0|          1|          -|          -|          1|    no    |
        |- loop_height  |  207|  1067053| 23 ~ 1039 |          -|          -|  9 ~ 1027 |    no    |
        | + loop_width  |   18|     1034|         10|          1|          1| 10 ~ 1026 |    yes   |
        +---------------+-----+---------+-----------+-----------+-----------+-----------+----------+



================================================================
== Utilization Estimates
================================================================
* Summary: 
+-----------------+---------+-------+--------+-------+
|       Name      | BRAM_18K| DSP48E|   FF   |  LUT  |
+-----------------+---------+-------+--------+-------+
|DSP              |        -|      -|       -|      -|
|Expression       |        -|      -|       0|    583|
|FIFO             |        -|      -|       -|      -|
|Instance         |        -|      -|       0|     48|
|Memory           |        3|      -|       0|      0|
|Multiplexer      |        -|      -|       -|     46|
|Register         |        -|      -|     575|      4|
+-----------------+---------+-------+--------+-------+
|Total            |        3|      0|     575|    681|
+-----------------+---------+-------+--------+-------+
|Available        |      280|    220|  106400|  53200|
+-----------------+---------+-------+--------+-------+
|Utilization (%)  |        1|      0|   ~0   |      1|
+-----------------+---------+-------+--------+-------+

+ Detail: 
    * Instance: 
    +------------------------------+--------------------------+---------+-------+---+----+
    |           Instance           |          Module          | BRAM_18K| DSP48E| FF| LUT|
    +------------------------------+--------------------------+---------+-------+---+----+
    |newsob_mux_3to1_sel2_8_1_U14  |newsob_mux_3to1_sel2_8_1  |        0|      0|  0|   8|
    |newsob_mux_3to1_sel2_8_1_U15  |newsob_mux_3to1_sel2_8_1  |        0|      0|  0|   8|
    |newsob_mux_3to1_sel2_8_1_U16  |newsob_mux_3to1_sel2_8_1  |        0|      0|  0|   8|
    |newsob_mux_3to1_sel2_8_1_U17  |newsob_mux_3to1_sel2_8_1  |        0|      0|  0|   8|
    |newsob_mux_3to1_sel2_8_1_U18  |newsob_mux_3to1_sel2_8_1  |        0|      0|  0|   8|
    |newsob_mux_3to1_sel2_8_1_U19  |newsob_mux_3to1_sel2_8_1  |        0|      0|  0|   8|
    +------------------------------+--------------------------+---------+-------+---+----+
    |Total                         |                          |        0|      0|  0|  48|
    +------------------------------+--------------------------+---------+-------+---+----+

    * DSP48: 
    N/A

    * Memory: 
    +-----------------+-------------------------------+---------+---+----+------+-----+------+-------------+
    |      Memory     |             Module            | BRAM_18K| FF| LUT| Words| Bits| Banks| W*Bits*Banks|
    +-----------------+-------------------------------+---------+---+----+------+-----+------+-------------+
    |k_buf_0_val_3_U  |newsob_Filter2D_k_buf_0_val_3  |        1|  0|   0|  1024|    8|     1|         8192|
    |k_buf_0_val_4_U  |newsob_Filter2D_k_buf_0_val_3  |        1|  0|   0|  1024|    8|     1|         8192|
    |k_buf_0_val_5_U  |newsob_Filter2D_k_buf_0_val_3  |        1|  0|   0|  1024|    8|     1|         8192|
    +-----------------+-------------------------------+---------+---+----+------+-----+------+-------------+
    |Total            |                               |        3|  0|   0|  3072|   24|     3|        24576|
    +-----------------+-------------------------------+---------+---+----+------+-----+------+-------------+

    * FIFO: 
    N/A

    * Expression: 
    +-------------------------------------+----------+-------+---+----+------------+------------+
    |            Variable Name            | Operation| DSP48E| FF| LUT| Bitwidth P0| Bitwidth P1|
    +-------------------------------------+----------+-------+---+----+------------+------------+
    |ImagLoc_x_fu_789_p2                  |     +    |      0|  0|  13|           2|          13|
    |heightloop_fu_297_p2                 |     +    |      0|  0|  13|           2|          13|
    |i_V_fu_387_p2                        |     +    |      0|  0|  12|          12|           1|
    |j_V_fu_767_p2                        |     +    |      0|  0|  12|          12|           1|
    |p_Val2_3_fu_1203_p2                  |     +    |      0|  0|   5|          11|          11|
    |p_assign_6_1_fu_489_p2               |     +    |      0|  0|  13|           3|          13|
    |p_assign_6_2_fu_537_p2               |     +    |      0|  0|  13|           3|          13|
    |p_neg391_i_cast_fu_310_p2            |     +    |      0|  0|   2|           2|           2|
    |tmp25_fu_1135_p2                     |     +    |      0|  0|  11|          11|          11|
    |tmp26_fu_1197_p2                     |     +    |      0|  0|   5|          11|          11|
    |tmp27_fu_1141_p2                     |     +    |      0|  0|  10|          10|          10|
    |tmp_15_fu_441_p2                     |     +    |      0|  0|  13|           2|          13|
    |tmp_2_fu_366_p2                      |     +    |      0|  0|  14|           3|          14|
    |tmp_3_fu_372_p2                      |     +    |      0|  0|   2|           2|           2|
    |tmp_8_fu_344_p2                      |     +    |      0|  0|  14|           2|          14|
    |widthloop_fu_302_p2                  |     +    |      0|  0|  13|           2|          13|
    |col_assign_2_t_fu_905_p2             |     -    |      0|  0|   2|           2|           2|
    |p_Val2_1_fu_1108_p2                  |     -    |      0|  0|  10|           1|          10|
    |p_Val2_2_fu_1122_p2                  |     -    |      0|  0|   9|           1|           9|
    |p_Val2_5_0_2_fu_1086_p2              |     -    |      0|  0|   9|           9|           9|
    |p_assign_1_fu_822_p2                 |     -    |      0|  0|  13|           1|          13|
    |p_assign_2_fu_868_p2                 |     -    |      0|  0|  14|          14|          14|
    |p_assign_7_1_fu_516_p2               |     -    |      0|  0|  13|           2|          13|
    |p_assign_7_2_fu_564_p2               |     -    |      0|  0|  13|           2|          13|
    |p_assign_7_fu_468_p2                 |     -    |      0|  0|  13|           1|          13|
    |row_assign_9_1_t_fu_743_p2           |     -    |      0|  0|   2|           2|           2|
    |row_assign_9_2_t_fu_753_p2           |     -    |      0|  0|   2|           2|           2|
    |row_assign_9_fu_733_p2               |     -    |      0|  0|   2|           2|           2|
    |tmp_53_fu_593_p2                     |     -    |      0|  0|   2|           2|           2|
    |tmp_58_fu_607_p2                     |     -    |      0|  0|   2|           2|           2|
    |tmp_61_fu_621_p2                     |     -    |      0|  0|   2|           2|           2|
    |ImagLoc_x_cast_mux_fu_850_p3         |  Select  |      0|  0|  13|           1|          13|
    |col_buf_0_val_0_0_fu_949_p3          |  Select  |      0|  0|   8|           1|           8|
    |col_buf_0_val_1_0_fu_967_p3          |  Select  |      0|  0|   8|           1|           8|
    |col_buf_0_val_2_0_fu_985_p3          |  Select  |      0|  0|   8|           1|           8|
    |p_Val2_s_fu_1258_p3                  |  Select  |      0|  0|   8|           1|           8|
    |p_mux_i_i_cast_fu_1246_p3            |  Select  |      0|  0|   2|           1|           2|
    |p_p2_i423_i_1_fu_522_p3              |  Select  |      0|  0|  13|           1|          13|
    |p_p2_i423_i_2_fu_570_p3              |  Select  |      0|  0|  13|           1|          13|
    |p_p2_i423_i_fu_474_p3                |  Select  |      0|  0|  13|           1|          13|
    |p_p2_i_i_fu_828_p3                   |  Select  |      0|  0|  13|           1|          13|
    |sel_tmp_fu_873_p3                    |  Select  |      0|  0|  14|           1|          14|
    |src_kernel_win_0_val_0_0_fu_1036_p3  |  Select  |      0|  0|   8|           1|           8|
    |src_kernel_win_0_val_1_0_fu_1050_p3  |  Select  |      0|  0|   8|           1|           8|
    |src_kernel_win_0_val_2_0_fu_1064_p3  |  Select  |      0|  0|   8|           1|           8|
    |tmp_19_fu_674_p3                     |  Select  |      0|  0|   2|           1|           2|
    |tmp_37_fu_681_p3                     |  Select  |      0|  0|   2|           1|           2|
    |tmp_40_fu_728_p3                     |  Select  |      0|  0|   2|           1|           2|
    |tmp_43_fu_692_p3                     |  Select  |      0|  0|   2|           1|           2|
    |tmp_44_fu_699_p3                     |  Select  |      0|  0|   2|           1|           2|
    |tmp_45_fu_738_p3                     |  Select  |      0|  0|   2|           1|           2|
    |tmp_48_fu_710_p3                     |  Select  |      0|  0|   2|           1|           2|
    |tmp_50_fu_748_p3                     |  Select  |      0|  0|   2|           1|           2|
    |tmp_54_fu_717_p3                     |  Select  |      0|  0|   2|           1|           2|
    |x_fu_895_p3                          |  Select  |      0|  0|  14|           1|          14|
    |ap_sig_bdd_1130                      |    and   |      0|  0|   1|           1|           1|
    |ap_sig_bdd_1131                      |    and   |      0|  0|   1|           1|           1|
    |ap_sig_bdd_1133                      |    and   |      0|  0|   1|           1|           1|
    |ap_sig_bdd_1136                      |    and   |      0|  0|   1|           1|           1|
    |ap_sig_bdd_245                       |    and   |      0|  0|   1|           1|           1|
    |or_cond_i422_i_1_fu_646_p2           |    and   |      0|  0|   1|           1|           1|
    |or_cond_i422_i_2_fu_660_p2           |    and   |      0|  0|   1|           1|           1|
    |or_cond_i422_i_fu_632_p2             |    and   |      0|  0|   1|           1|           1|
    |or_cond_i_fu_836_p2                  |    and   |      0|  0|   1|           1|           1|
    |or_cond_i_i_fu_841_p2                |    and   |      0|  0|   1|           1|           1|
    |overflow_fu_1242_p2                  |    and   |      0|  0|   1|           1|           1|
    |sel_tmp8_fu_891_p2                   |    and   |      0|  0|   1|           1|           1|
    |icmp1_fu_783_p2                      |   icmp   |      0|  0|   4|          11|           1|
    |icmp_fu_413_p2                       |   icmp   |      0|  0|   4|          11|           1|
    |not_i_i_i_fu_1236_p2                 |   icmp   |      0|  0|   2|           3|           1|
    |not_tmp_s_fu_319_p2                  |   icmp   |      0|  0|   5|          12|           1|
    |tmp_111_1_fu_424_p2                  |   icmp   |      0|  0|   5|          12|           1|
    |tmp_111_2_fu_430_p2                  |   icmp   |      0|  0|   5|          12|           1|
    |tmp_11_fu_393_p2                     |   icmp   |      0|  0|   5|          12|          12|
    |tmp_12_fu_419_p2                     |   icmp   |      0|  0|   5|          13|          13|
    |tmp_137_1_fu_503_p2                  |   icmp   |      0|  0|   5|          13|          13|
    |tmp_137_2_fu_551_p2                  |   icmp   |      0|  0|   5|          13|          13|
    |tmp_13_fu_436_p2                     |   icmp   |      0|  0|   5|          12|          12|
    |tmp_147_1_fu_651_p2                  |   icmp   |      0|  0|   5|          13|          13|
    |tmp_147_2_fu_665_p2                  |   icmp   |      0|  0|   5|          13|          13|
    |tmp_16_fu_455_p2                     |   icmp   |      0|  0|   5|          13|          13|
    |tmp_17_fu_637_p2                     |   icmp   |      0|  0|   5|          13|          13|
    |tmp_1_fu_328_p2                      |   icmp   |      0|  0|   5|          12|           1|
    |tmp_20_fu_762_p2                     |   icmp   |      0|  0|   5|          13|          13|
    |tmp_25_fu_809_p2                     |   icmp   |      0|  0|   5|          13|          13|
    |tmp_28_fu_864_p2                     |   icmp   |      0|  0|   5|          13|          13|
    |tmp_4_fu_382_p2                      |   icmp   |      0|  0|   5|          13|          13|
    |tmp_9_fu_350_p2                      |   icmp   |      0|  0|   5|          12|           1|
    |ult_fu_398_p2                        |   icmp   |      0|  0|   5|          12|          12|
    |ap_sig_bdd_227                       |    or    |      0|  0|   1|           1|           1|
    |brmerge1_fu_669_p2                   |    or    |      0|  0|   1|           1|           1|
    |brmerge2_fu_687_p2                   |    or    |      0|  0|   1|           1|           1|
    |brmerge3_fu_705_p2                   |    or    |      0|  0|   1|           1|           1|
    |brmerge9_fu_845_p2                   |    or    |      0|  0|   1|           1|           1|
    |brmerge_fu_887_p2                    |    or    |      0|  0|   1|           1|           1|
    |tmp_i_i_fu_1253_p2                   |    or    |      0|  0|   1|           1|           1|
    |rev1_fu_627_p2                       |    xor   |      0|  0|   2|           1|           2|
    |rev2_fu_641_p2                       |    xor   |      0|  0|   2|           1|           2|
    |rev3_fu_655_p2                       |    xor   |      0|  0|   2|           1|           2|
    |rev4_fu_803_p2                       |    xor   |      0|  0|   2|           1|           2|
    |rev_fu_723_p2                        |    xor   |      0|  0|   2|           1|           2|
    |sel_tmp7_fu_881_p2                   |    xor   |      0|  0|   2|           1|           2|
    |tmp_2_i_i_fu_1230_p2                 |    xor   |      0|  0|   2|           1|           2|
    |tmp_7_fu_291_p2                      |    xor   |      0|  0|   2|           1|           2|
    +-------------------------------------+----------+-------+---+----+------------+------------+
    |Total                                |          |      0|  0| 583|         450|         654|
    +-------------------------------------+----------+-------+---+----+------------+------------+

    * Multiplexer: 
    +-----------------------+----+-----------+-----+-----------+
    |          Name         | LUT| Input Size| Bits| Total Bits|
    +-----------------------+----+-----------+-----+-----------+
    |ap_NS_fsm              |   2|          8|    1|          8|
    |ap_reg_ppiten_pp0_it1  |   1|          2|    1|          2|
    |ap_reg_ppiten_pp0_it5  |   1|          2|    1|          2|
    |ap_reg_ppiten_pp0_it9  |   1|          2|    1|          2|
    |k_buf_0_val_4_d1       |   8|          3|    8|         24|
    |k_buf_0_val_5_d1       |   8|          3|    8|         24|
    |p_014_0_i_reg_261      |  12|          2|   12|         24|
    |p_027_0_i_reg_272      |  12|          2|   12|         24|
    |tmp_6_reg_250          |   1|          2|    1|          2|
    +-----------------------+----+-----------+-----+-----------+
    |Total                  |  46|         26|   45|        112|
    +-----------------------+----+-----------+-----+-----------+

    * Register: 
    +--------------------------------------------------------+----+----+-----+-----------+
    |                          Name                          | FF | LUT| Bits| Const Bits|
    +--------------------------------------------------------+----+----+-----+-----------+
    |ImagLoc_x_reg_1636                                      |  13|   0|   13|          0|
    |ap_CS_fsm                                               |   7|   0|    7|          0|
    |ap_reg_ppiten_pp0_it0                                   |   1|   0|    1|          0|
    |ap_reg_ppiten_pp0_it1                                   |   1|   0|    1|          0|
    |ap_reg_ppiten_pp0_it2                                   |   1|   0|    1|          0|
    |ap_reg_ppiten_pp0_it3                                   |   1|   0|    1|          0|
    |ap_reg_ppiten_pp0_it4                                   |   1|   0|    1|          0|
    |ap_reg_ppiten_pp0_it5                                   |   1|   0|    1|          0|
    |ap_reg_ppiten_pp0_it6                                   |   1|   0|    1|          0|
    |ap_reg_ppiten_pp0_it7                                   |   1|   0|    1|          0|
    |ap_reg_ppiten_pp0_it8                                   |   1|   0|    1|          0|
    |ap_reg_ppiten_pp0_it9                                   |   1|   0|    1|          0|
    |ap_reg_ppstg_col_assign_2_t_reg_1698_pp0_it3            |   2|   0|    2|          0|
    |ap_reg_ppstg_k_buf_0_val_4_addr_reg_1711_pp0_it4        |  10|   0|   10|          0|
    |ap_reg_ppstg_k_buf_0_val_5_addr_reg_1717_pp0_it4        |  10|   0|   10|          0|
    |ap_reg_ppstg_src_kernel_win_0_val_1_0_reg_1769_pp0_it6  |   8|   0|    8|          0|
    |brmerge1_reg_1562                                       |   1|   0|    1|          0|
    |brmerge2_reg_1577                                       |   1|   0|    1|          0|
    |brmerge3_reg_1592                                       |   1|   0|    1|          0|
    |brmerge_reg_1686                                        |   1|   0|    1|          0|
    |col_assign_2_t_reg_1698                                 |   2|   0|    2|          0|
    |col_buf_0_val_0_0_reg_1728                              |   8|   0|    8|          0|
    |col_buf_0_val_1_0_reg_1741                              |   8|   0|    8|          0|
    |col_buf_0_val_2_0_reg_1749                              |   8|   0|    8|          0|
    |cols_cast_reg_1294                                      |  12|   0|   13|          1|
    |heightloop_reg_1380                                     |  13|   0|   13|          0|
    |i_V_reg_1434                                            |  12|   0|   12|          0|
    |icmp_reg_1448                                           |   1|   0|    1|          0|
    |isneg_reg_1791                                          |   1|   0|    1|          0|
    |k_buf_0_val_3_addr_reg_1705                             |  10|   0|   10|          0|
    |k_buf_0_val_3_load_reg_1723                             |   8|   0|    8|          0|
    |k_buf_0_val_4_addr_reg_1711                             |  10|   0|   10|          0|
    |k_buf_0_val_4_load_reg_1736                             |   8|   0|    8|          0|
    |k_buf_0_val_5_addr_reg_1717                             |  10|   0|   10|          0|
    |not_i_i_i_reg_1807                                      |   1|   0|    1|          0|
    |or_cond_i_i_reg_1662                                    |   1|   0|    1|          0|
    |or_cond_i_reg_1658                                      |   1|   0|    1|          0|
    |p_014_0_i_reg_261                                       |  12|   0|   12|          0|
    |p_027_0_i_reg_272                                       |  12|   0|   12|          0|
    |p_Val2_4_reg_1796                                       |   8|   0|    8|          0|
    |p_Val2_s_reg_1812                                       |   8|   0|    8|          0|
    |p_anchor_2_1_cast_reg_1397                              |   1|   0|   13|         12|
    |p_neg391_i_cast_reg_1390                                |   2|   0|    2|          0|
    |p_p2_i423_i_1_reg_1497                                  |  13|   0|   13|          0|
    |p_p2_i423_i_2_reg_1512                                  |  13|   0|   13|          0|
    |p_p2_i423_i_reg_1482                                    |  13|   0|   13|          0|
    |p_p2_i_i_cast_reg_1666                                  |  14|   0|   14|          0|
    |p_p2_i_i_reg_1652                                       |  13|   0|   13|          0|
    |rev4_reg_1641                                           |   1|   0|    1|          0|
    |rev_reg_1607                                            |   1|   0|    1|          0|
    |right_border_buf_0_val_0_1_1_fu_162                     |   8|   0|    8|          0|
    |right_border_buf_0_val_0_1_fu_158                       |   8|   0|    8|          0|
    |right_border_buf_0_val_1_1_1_fu_174                     |   8|   0|    8|          0|
    |right_border_buf_0_val_1_1_fu_170                       |   8|   0|    8|          0|
    |right_border_buf_0_val_2_1_1_fu_178                     |   8|   0|    8|          0|
    |right_border_buf_0_val_2_1_fu_166                       |   8|   0|    8|          0|
    |row_assign_9_1_t_reg_1617                               |   2|   0|    2|          0|
    |row_assign_9_2_t_reg_1622                               |   2|   0|    2|          0|
    |row_assign_9_reg_1612                                   |   2|   0|    2|          0|
    |rows_cast_reg_1283                                      |  12|   0|   13|          1|
    |sel_tmp7_reg_1681                                       |   1|   0|    1|          0|
    |sel_tmp_reg_1676                                        |  14|   0|   14|          0|
    |src_kernel_win_0_val_0_0_reg_1763                       |   8|   0|    8|          0|
    |src_kernel_win_0_val_0_1_1_fu_138                       |   8|   0|    8|          0|
    |src_kernel_win_0_val_0_1_fu_134                         |   8|   0|    8|          0|
    |src_kernel_win_0_val_1_0_reg_1769                       |   8|   0|    8|          0|
    |src_kernel_win_0_val_1_1_1_fu_146                       |   8|   0|    8|          0|
    |src_kernel_win_0_val_1_1_fu_142                         |   8|   0|    8|          0|
    |src_kernel_win_0_val_2_0_reg_1775                       |   8|   0|    8|          0|
    |src_kernel_win_0_val_2_1_1_fu_154                       |   8|   0|    8|          0|
    |src_kernel_win_0_val_2_1_fu_150                         |   8|   0|    8|          0|
    |tmp25_reg_1781                                          |  11|   0|   11|          0|
    |tmp27_reg_1786                                          |  10|   0|   10|          0|
    |tmp_111_1_reg_1457                                      |   1|   0|    1|          0|
    |tmp_111_2_reg_1461                                      |   1|   0|    1|          0|
    |tmp_11_reg_1439                                         |   1|   0|    1|          0|
    |tmp_12_reg_1453                                         |   1|   0|    1|          0|
    |tmp_137_1_reg_1492                                      |   1|   0|    1|          0|
    |tmp_137_2_reg_1507                                      |   1|   0|    1|          0|
    |tmp_13_reg_1465                                         |   1|   0|    1|          0|
    |tmp_16_reg_1477                                         |   1|   0|    1|          0|
    |tmp_19_reg_1567                                         |   2|   0|    2|          0|
    |tmp_1_reg_1402                                          |   1|   0|    1|          0|
    |tmp_20_reg_1627                                         |   1|   0|    1|          0|
    |tmp_22_reg_1472                                         |   1|   0|    1|          0|
    |tmp_25_reg_1646                                         |   1|   0|    1|          0|
    |tmp_27_reg_1487                                         |   1|   0|    1|          0|
    |tmp_28_reg_1671                                         |   1|   0|    1|          0|
    |tmp_2_i_i_reg_1801                                      |   1|   0|    1|          0|
    |tmp_2_reg_1421                                          |  13|   0|   14|          1|
    |tmp_33_reg_1502                                         |   1|   0|    1|          0|
    |tmp_37_reg_1572                                         |   2|   0|    2|          0|
    |tmp_3_reg_1426                                          |   2|   0|    2|          0|
    |tmp_43_reg_1582                                         |   2|   0|    2|          0|
    |tmp_44_reg_1587                                         |   2|   0|    2|          0|
    |tmp_47_reg_1517                                         |   2|   0|    2|          0|
    |tmp_48_reg_1597                                         |   2|   0|    2|          0|
    |tmp_49_reg_1522                                         |   2|   0|    2|          0|
    |tmp_53_reg_1527                                         |   2|   0|    2|          0|
    |tmp_54_reg_1602                                         |   2|   0|    2|          0|
    |tmp_55_reg_1532                                         |   2|   0|    2|          0|
    |tmp_56_reg_1537                                         |   2|   0|    2|          0|
    |tmp_58_reg_1542                                         |   2|   0|    2|          0|
    |tmp_59_reg_1547                                         |   2|   0|    2|          0|
    |tmp_60_reg_1552                                         |   2|   0|    2|          0|
    |tmp_61_reg_1557                                         |   2|   0|    2|          0|
    |tmp_6_reg_250                                           |   1|   0|    1|          0|
    |tmp_71_reg_1757                                         |   8|   0|    8|          0|
    |tmp_8_reg_1409                                          |  13|   0|   14|          1|
    |tmp_9_reg_1416                                          |   1|   0|    1|          0|
    |ult_reg_1443                                            |   1|   0|    1|          0|
    |widthloop_reg_1385                                      |  13|   0|   13|          0|
    |x_reg_1693                                              |  14|   0|   14|          0|
    |brmerge_reg_1686                                        |   0|   1|    1|          0|
    |or_cond_i_i_reg_1662                                    |   0|   1|    1|          0|
    |or_cond_i_reg_1658                                      |   0|   1|    1|          0|
    |tmp_20_reg_1627                                         |   0|   1|    1|          0|
    +--------------------------------------------------------+----+----+-----+-----------+
    |Total                                                   | 575|   4|  595|         16|
    +--------------------------------------------------------+----+----+-----+-----------+



================================================================
== Interface
================================================================
* Summary: 
+-----------------------------+-----+-----+------------+---------------------+--------------+
|          RTL Ports          | Dir | Bits|  Protocol  |    Source Object    |    C Type    |
+-----------------------------+-----+-----+------------+---------------------+--------------+
|ap_clk                       |  in |    1| ap_ctrl_hs |   newsob_Filter2D   | return value |
|ap_rst                       |  in |    1| ap_ctrl_hs |   newsob_Filter2D   | return value |
|ap_start                     |  in |    1| ap_ctrl_hs |   newsob_Filter2D   | return value |
|ap_done                      | out |    1| ap_ctrl_hs |   newsob_Filter2D   | return value |
|ap_idle                      | out |    1| ap_ctrl_hs |   newsob_Filter2D   | return value |
|ap_ready                     | out |    1| ap_ctrl_hs |   newsob_Filter2D   | return value |
|p_src_rows_V_read            |  in |   12|   ap_none  |  p_src_rows_V_read  |    scalar    |
|p_src_cols_V_read            |  in |   12|   ap_none  |  p_src_cols_V_read  |    scalar    |
|p_src_data_stream_V_dout     |  in |    8|   ap_fifo  | p_src_data_stream_V |    pointer   |
|p_src_data_stream_V_empty_n  |  in |    1|   ap_fifo  | p_src_data_stream_V |    pointer   |
|p_src_data_stream_V_read     | out |    1|   ap_fifo  | p_src_data_stream_V |    pointer   |
|p_dst_data_stream_V_din      | out |    8|   ap_fifo  | p_dst_data_stream_V |    pointer   |
|p_dst_data_stream_V_full_n   |  in |    1|   ap_fifo  | p_dst_data_stream_V |    pointer   |
|p_dst_data_stream_V_write    | out |    1|   ap_fifo  | p_dst_data_stream_V |    pointer   |
+-----------------------------+-----+-----+------------+---------------------+--------------+

