

================================================================
== Vivado HLS Report for 'newsob'
================================================================
* Date:           Fri Jun 29 21:45:10 2018

* Version:        2015.4 (Build 1412921 on Wed Nov 18 09:58:55 AM 2015)
* Project:        sobelfilter
* Solution:       solution1
* Product family: zynq
* Target device:  xc7z020clg484-1


================================================================
== Performance Estimates
================================================================
+ Timing (ns): 
    * Summary: 
    +--------+-------+----------+------------+
    |  Clock | Target| Estimated| Uncertainty|
    +--------+-------+----------+------------+
    |ap_clk  |   5.00|      4.36|        0.63|
    +--------+-------+----------+------------+

+ Latency (clock cycles): 
    * Summary: 
    +---------+---------+---------+---------+----------+
    |      Latency      |      Interval     | Pipeline |
    |   min   |   max   |   min   |   max   |   Type   |
    +---------+---------+---------+---------+----------+
    |  1051663|  1067058|  1051650|  1067057| dataflow |
    +---------+---------+---------+---------+----------+

    + Detail: 
        * Instance: 
        +------------------------------------+-------------------------+---------+---------+---------+---------+---------+
        |                                    |                         |      Latency      |      Interval     | Pipeline|
        |              Instance              |          Module         |   min   |   max   |   min   |   max   |   Type  |
        +------------------------------------+-------------------------+---------+---------+---------+---------+---------+
        |stg_14_newsob_Block_proc_fu_156     |newsob_Block_proc        |        0|        0|        0|        0|   none  |
        |grp_newsob_AXIvideo2Mat_DMA_fu_114  |newsob_AXIvideo2Mat_DMA  |        1|  1051649|        1|  1051649|   none  |
        |grp_newsob_Sobel_fu_106             |newsob_Sobel             |      210|  1067056|      210|  1067056|   none  |
        |grp_newsob_Mat2AXIvideo_DMA_fu_137  |newsob_Mat2AXIvideo_DMA  |  1051649|  1051649|  1051649|  1051649|   none  |
        +------------------------------------+-------------------------+---------+---------+---------+---------+---------+

        * Loop: 
        N/A



================================================================
== Utilization Estimates
================================================================
* Summary: 
+-----------------+---------+-------+--------+-------+
|       Name      | BRAM_18K| DSP48E|   FF   |  LUT  |
+-----------------+---------+-------+--------+-------+
|DSP              |        -|      -|       -|      -|
|Expression       |        -|      -|       -|      -|
|FIFO             |        0|      -|      30|    136|
|Instance         |        3|      -|     725|    815|
|Memory           |        -|      -|       -|      -|
|Multiplexer      |        -|      -|       -|      -|
|Register         |        -|      -|       7|      -|
+-----------------+---------+-------+--------+-------+
|Total            |        3|      0|     762|    951|
+-----------------+---------+-------+--------+-------+
|Available        |      280|    220|  106400|  53200|
+-----------------+---------+-------+--------+-------+
|Utilization (%)  |        1|      0|   ~0   |      1|
+-----------------+---------+-------+--------+-------+

+ Detail: 
    * Instance: 
    +----------------------------+-------------------------+---------+-------+-----+-----+
    |          Instance          |          Module         | BRAM_18K| DSP48E|  FF | LUT |
    +----------------------------+-------------------------+---------+-------+-----+-----+
    |newsob_AXIvideo2Mat_DMA_U0  |newsob_AXIvideo2Mat_DMA  |        0|      0|   76|   62|
    |newsob_Block_proc_U0        |newsob_Block_proc        |        0|      0|    2|    1|
    |newsob_Mat2AXIvideo_DMA_U0  |newsob_Mat2AXIvideo_DMA  |        0|      0|   44|   67|
    |newsob_Sobel_U0             |newsob_Sobel             |        3|      0|  603|  685|
    +----------------------------+-------------------------+---------+-------+-----+-----+
    |Total                       |                         |        3|      0|  725|  815|
    +----------------------------+-------------------------+---------+-------+-----+-----+

    * DSP48: 
    N/A

    * Memory: 
    N/A

    * FIFO: 
    +-------------------------+---------+---+----+------+-----+---------+
    |           Name          | BRAM_18K| FF| LUT| Depth| Bits| Size:D*B|
    +-------------------------+---------+---+----+------+-----+---------+
    |img_0_cols_V_channel6_U  |        0|  5|  24|     1|   12|       12|
    |img_0_cols_V_channel_U   |        0|  5|  24|     1|   12|       12|
    |img_0_data_stream_0_V_U  |        0|  5|  20|     1|    8|        8|
    |img_0_rows_V_channel5_U  |        0|  5|  24|     1|   12|       12|
    |img_0_rows_V_channel_U   |        0|  5|  24|     1|   12|       12|
    |img_1_data_stream_0_V_U  |        0|  5|  20|     1|    8|        8|
    +-------------------------+---------+---+----+------+-----+---------+
    |Total                    |        0| 30| 136|     6|   64|       64|
    +-------------------------+---------+---+----+------+-----+---------+

    * Expression: 
    N/A

    * Multiplexer: 
    N/A

    * Register: 
    +--------------------------------------------+---+----+-----+-----------+
    |                    Name                    | FF| LUT| Bits| Const Bits|
    +--------------------------------------------+---+----+-----+-----------+
    |ap_CS                                       |  1|   0|    1|          0|
    |ap_reg_procdone_newsob_AXIvideo2Mat_DMA_U0  |  1|   0|    1|          0|
    |ap_reg_procdone_newsob_Block_proc_U0        |  1|   0|    1|          0|
    |ap_reg_procdone_newsob_Mat2AXIvideo_DMA_U0  |  1|   0|    1|          0|
    |ap_reg_procdone_newsob_Sobel_U0             |  1|   0|    1|          0|
    |newsob_Mat2AXIvideo_DMA_U0_ap_start         |  1|   0|    1|          0|
    |newsob_Sobel_U0_ap_start                    |  1|   0|    1|          0|
    +--------------------------------------------+---+----+-----+-----------+
    |Total                                       |  7|   0|    7|          0|
    +--------------------------------------------+---+----+-----+-----------+



================================================================
== Interface
================================================================
* Summary: 
+----------------------+-----+-----+------------+------------------------+--------------+
|       RTL Ports      | Dir | Bits|  Protocol  |      Source Object     |    C Type    |
+----------------------+-----+-----+------------+------------------------+--------------+
|INPUT_STREAM_TDATA    |  in |    8|    axis    |  INPUT_STREAM_V_data_V |    pointer   |
|INPUT_STREAM_TKEEP    |  in |    1|    axis    |  INPUT_STREAM_V_keep_V |    pointer   |
|INPUT_STREAM_TSTRB    |  in |    1|    axis    |  INPUT_STREAM_V_strb_V |    pointer   |
|INPUT_STREAM_TUSER    |  in |    1|    axis    |  INPUT_STREAM_V_user_V |    pointer   |
|INPUT_STREAM_TLAST    |  in |    1|    axis    |  INPUT_STREAM_V_last_V |    pointer   |
|INPUT_STREAM_TID      |  in |    1|    axis    |   INPUT_STREAM_V_id_V  |    pointer   |
|INPUT_STREAM_TDEST    |  in |    1|    axis    |  INPUT_STREAM_V_dest_V |    pointer   |
|INPUT_STREAM_TVALID   |  in |    1|    axis    |  INPUT_STREAM_V_dest_V |    pointer   |
|INPUT_STREAM_TREADY   | out |    1|    axis    |  INPUT_STREAM_V_dest_V |    pointer   |
|OUTPUT_STREAM_TDATA   | out |    8|    axis    | OUTPUT_STREAM_V_data_V |    pointer   |
|OUTPUT_STREAM_TKEEP   | out |    1|    axis    | OUTPUT_STREAM_V_keep_V |    pointer   |
|OUTPUT_STREAM_TSTRB   | out |    1|    axis    | OUTPUT_STREAM_V_strb_V |    pointer   |
|OUTPUT_STREAM_TUSER   | out |    1|    axis    | OUTPUT_STREAM_V_user_V |    pointer   |
|OUTPUT_STREAM_TLAST   | out |    1|    axis    | OUTPUT_STREAM_V_last_V |    pointer   |
|OUTPUT_STREAM_TID     | out |    1|    axis    |  OUTPUT_STREAM_V_id_V  |    pointer   |
|OUTPUT_STREAM_TDEST   | out |    1|    axis    | OUTPUT_STREAM_V_dest_V |    pointer   |
|OUTPUT_STREAM_TVALID  | out |    1|    axis    | OUTPUT_STREAM_V_dest_V |    pointer   |
|OUTPUT_STREAM_TREADY  |  in |    1|    axis    | OUTPUT_STREAM_V_dest_V |    pointer   |
|ap_clk                |  in |    1| ap_ctrl_hs |         newsob         | return value |
|ap_rst_n              |  in |    1| ap_ctrl_hs |         newsob         | return value |
|ap_start              |  in |    1| ap_ctrl_hs |         newsob         | return value |
|ap_done               | out |    1| ap_ctrl_hs |         newsob         | return value |
|ap_idle               | out |    1| ap_ctrl_hs |         newsob         | return value |
|ap_ready              | out |    1| ap_ctrl_hs |         newsob         | return value |
+----------------------+-----+-----+------------+------------------------+--------------+

